<?xml version="1.0" encoding="UTF-8"?>
<!-- Generated by org.testng.reporters.JUnitReportReporter -->
<testsuite skipped="0" hostname="ReyaLabPC" name="util.BrowserFactory" tests="1" failures="0" timestamp="2021-08-29T13:28:31 PDT" time="0.013" errors="0">
  <testcase name="month" time="0.013" classname="util.BrowserFactory"/>
  <system-out/>
</testsuite> <!-- util.BrowserFactory -->
