<?xml version="1.0" encoding="UTF-8"?>
<!-- Generated by org.testng.reporters.JUnitReportReporter -->
<testsuite skipped="0" hostname="ReyaLabPC" name="page.Month" tests="1" failures="0" timestamp="2021-09-02T15:01:46 PDT" time="0.002" errors="0">
  <testcase name="month" time="0.002" classname="page.Month"/>
  <system-out/>
</testsuite> <!-- page.Month -->
