<?xml version="1.0" encoding="UTF-8"?>
<!-- Generated by org.testng.reporters.JUnitReportReporter -->
<testsuite skipped="0" hostname="ReyaLabPC" name="test.AddCategoryTest" tests="1" failures="0" timestamp="2021-09-02T17:20:10 PDT" time="11.094" errors="0">
  <testcase name="userShould_Be_AbleToAddCategory" time="11.094" classname="test.AddCategoryTest"/>
  <system-out/>
</testsuite> <!-- test.AddCategoryTest -->
